[debug] [2025-09-15T19:33:21.779Z] ----------------------------------------------------------------------
[debug] [2025-09-15T19:33:21.780Z] Command:       /usr/local/bin/firebase /home/keith/.cache/firebase/tools/lib/node_modules/firebase-tools/lib/bin/firebase apphosting:backends:create --project keithaustin-portfolio
[debug] [2025-09-15T19:33:21.780Z] CLI Version:   14.16.0
[debug] [2025-09-15T19:33:21.780Z] Platform:      linux
[debug] [2025-09-15T19:33:21.780Z] Node Version:  v20.18.2
[debug] [2025-09-15T19:33:21.780Z] Time:          Mon Sep 15 2025 15:33:21 GMT-0400 (Eastern Daylight Time)
[debug] [2025-09-15T19:33:21.780Z] ----------------------------------------------------------------------
[debug] 
[debug] [2025-09-15T19:33:21.892Z] > command requires scopes: ["email","openid","https://www.googleapis.com/auth/cloudplatformprojects.readonly","https://www.googleapis.com/auth/firebase","https://www.googleapis.com/auth/cloud-platform"]
[debug] [2025-09-15T19:33:21.892Z] > authorizing via signed-in user (datketh@gmail.com)
[debug] [2025-09-15T19:33:21.893Z] Checked if tokens are valid: true, expires at: 1757967508228
[debug] [2025-09-15T19:33:21.893Z] Checked if tokens are valid: true, expires at: 1757967508228
[debug] [2025-09-15T19:33:21.893Z] Checked if tokens are valid: true, expires at: 1757967508228
[debug] [2025-09-15T19:33:21.893Z] Checked if tokens are valid: true, expires at: 1757967508228
[debug] [2025-09-15T19:33:21.893Z] Checked if tokens are valid: true, expires at: 1757967508228
[debug] [2025-09-15T19:33:21.893Z] Checked if tokens are valid: true, expires at: 1757967508228
[debug] [2025-09-15T19:33:21.893Z] Checked if tokens are valid: true, expires at: 1757967508228
[debug] [2025-09-15T19:33:21.893Z] Checked if tokens are valid: true, expires at: 1757967508228
[debug] [2025-09-15T19:33:21.894Z] Checked if tokens are valid: true, expires at: 1757967508228
[debug] [2025-09-15T19:33:21.894Z] Checked if tokens are valid: true, expires at: 1757967508228
[debug] [2025-09-15T19:33:21.894Z] Checked if tokens are valid: true, expires at: 1757967508228
[debug] [2025-09-15T19:33:21.894Z] Checked if tokens are valid: true, expires at: 1757967508228
[debug] [2025-09-15T19:33:21.894Z] >>> [apiv2][query] GET https://serviceusage.googleapis.com/v1/projects/keithaustin-portfolio/services/developerconnect.googleapis.com [none]
[debug] [2025-09-15T19:33:21.894Z] >>> [apiv2][(partial)header] GET https://serviceusage.googleapis.com/v1/projects/keithaustin-portfolio/services/developerconnect.googleapis.com x-goog-quota-user=projects/keithaustin-portfolio
[debug] [2025-09-15T19:33:21.912Z] >>> [apiv2][query] GET https://serviceusage.googleapis.com/v1/projects/keithaustin-portfolio/services/cloudbuild.googleapis.com [none]
[debug] [2025-09-15T19:33:21.912Z] >>> [apiv2][(partial)header] GET https://serviceusage.googleapis.com/v1/projects/keithaustin-portfolio/services/cloudbuild.googleapis.com x-goog-quota-user=projects/keithaustin-portfolio
[debug] [2025-09-15T19:33:21.913Z] >>> [apiv2][query] GET https://serviceusage.googleapis.com/v1/projects/keithaustin-portfolio/services/secretmanager.googleapis.com [none]
[debug] [2025-09-15T19:33:21.913Z] >>> [apiv2][(partial)header] GET https://serviceusage.googleapis.com/v1/projects/keithaustin-portfolio/services/secretmanager.googleapis.com x-goog-quota-user=projects/keithaustin-portfolio
[debug] [2025-09-15T19:33:21.913Z] >>> [apiv2][query] GET https://serviceusage.googleapis.com/v1/projects/keithaustin-portfolio/services/run.googleapis.com [none]
[debug] [2025-09-15T19:33:21.913Z] >>> [apiv2][(partial)header] GET https://serviceusage.googleapis.com/v1/projects/keithaustin-portfolio/services/run.googleapis.com x-goog-quota-user=projects/keithaustin-portfolio
[debug] [2025-09-15T19:33:21.914Z] >>> [apiv2][query] GET https://serviceusage.googleapis.com/v1/projects/keithaustin-portfolio/services/artifactregistry.googleapis.com [none]
[debug] [2025-09-15T19:33:21.914Z] >>> [apiv2][(partial)header] GET https://serviceusage.googleapis.com/v1/projects/keithaustin-portfolio/services/artifactregistry.googleapis.com x-goog-quota-user=projects/keithaustin-portfolio
[debug] [2025-09-15T19:33:21.914Z] >>> [apiv2][query] GET https://serviceusage.googleapis.com/v1/projects/keithaustin-portfolio/services/iam.googleapis.com [none]
[debug] [2025-09-15T19:33:21.915Z] >>> [apiv2][(partial)header] GET https://serviceusage.googleapis.com/v1/projects/keithaustin-portfolio/services/iam.googleapis.com x-goog-quota-user=projects/keithaustin-portfolio
[debug] [2025-09-15T19:33:22.366Z] <<< [apiv2][status] GET https://serviceusage.googleapis.com/v1/projects/keithaustin-portfolio/services/developerconnect.googleapis.com 200
[debug] [2025-09-15T19:33:22.366Z] <<< [apiv2][body] GET https://serviceusage.googleapis.com/v1/projects/keithaustin-portfolio/services/developerconnect.googleapis.com [omitted]
[debug] [2025-09-15T19:33:22.366Z] Checked if tokens are valid: true, expires at: 1757967508228
[debug] [2025-09-15T19:33:22.366Z] Checked if tokens are valid: true, expires at: 1757967508228
[debug] [2025-09-15T19:33:22.366Z] >>> [apiv2][query] POST https://serviceusage.googleapis.com/v1/projects/keithaustin-portfolio/services/developerconnect.googleapis.com:enable [none]
[debug] [2025-09-15T19:33:22.366Z] >>> [apiv2][(partial)header] POST https://serviceusage.googleapis.com/v1/projects/keithaustin-portfolio/services/developerconnect.googleapis.com:enable x-goog-quota-user=projects/keithaustin-portfolio
[debug] [2025-09-15T19:33:22.367Z] <<< [apiv2][status] GET https://serviceusage.googleapis.com/v1/projects/keithaustin-portfolio/services/cloudbuild.googleapis.com 200
[debug] [2025-09-15T19:33:22.367Z] <<< [apiv2][body] GET https://serviceusage.googleapis.com/v1/projects/keithaustin-portfolio/services/cloudbuild.googleapis.com [omitted]
[debug] [2025-09-15T19:33:22.370Z] <<< [apiv2][status] GET https://serviceusage.googleapis.com/v1/projects/keithaustin-portfolio/services/iam.googleapis.com 200
[debug] [2025-09-15T19:33:22.371Z] <<< [apiv2][body] GET https://serviceusage.googleapis.com/v1/projects/keithaustin-portfolio/services/iam.googleapis.com [omitted]
[debug] [2025-09-15T19:33:22.373Z] <<< [apiv2][status] GET https://serviceusage.googleapis.com/v1/projects/keithaustin-portfolio/services/secretmanager.googleapis.com 200
[debug] [2025-09-15T19:33:22.373Z] <<< [apiv2][body] GET https://serviceusage.googleapis.com/v1/projects/keithaustin-portfolio/services/secretmanager.googleapis.com [omitted]
[debug] [2025-09-15T19:33:22.375Z] <<< [apiv2][status] GET https://serviceusage.googleapis.com/v1/projects/keithaustin-portfolio/services/run.googleapis.com 200
[debug] [2025-09-15T19:33:22.375Z] <<< [apiv2][body] GET https://serviceusage.googleapis.com/v1/projects/keithaustin-portfolio/services/run.googleapis.com [omitted]
[debug] [2025-09-15T19:33:22.377Z] <<< [apiv2][status] GET https://serviceusage.googleapis.com/v1/projects/keithaustin-portfolio/services/artifactregistry.googleapis.com 200
[debug] [2025-09-15T19:33:22.377Z] <<< [apiv2][body] GET https://serviceusage.googleapis.com/v1/projects/keithaustin-portfolio/services/artifactregistry.googleapis.com [omitted]
[debug] [2025-09-15T19:33:23.349Z] <<< [apiv2][status] POST https://serviceusage.googleapis.com/v1/projects/keithaustin-portfolio/services/developerconnect.googleapis.com:enable 200
[debug] [2025-09-15T19:33:23.349Z] <<< [apiv2][body] POST https://serviceusage.googleapis.com/v1/projects/keithaustin-portfolio/services/developerconnect.googleapis.com:enable [omitted]
[debug] [2025-09-15T19:33:33.363Z] Checked if tokens are valid: true, expires at: 1757967508228
[debug] [2025-09-15T19:33:33.363Z] Checked if tokens are valid: true, expires at: 1757967508228
[debug] [2025-09-15T19:33:33.363Z] >>> [apiv2][query] POST https://iam.googleapis.com/v1/projects/keithaustin-portfolio/serviceAccounts/firebase-app-hosting-compute@keithaustin-portfolio.iam.gserviceaccount.com:testIamPermissions [none]
[debug] [2025-09-15T19:33:33.363Z] >>> [apiv2][(partial)header] POST https://iam.googleapis.com/v1/projects/keithaustin-portfolio/serviceAccounts/firebase-app-hosting-compute@keithaustin-portfolio.iam.gserviceaccount.com:testIamPermissions x-goog-quota-user=projects/keithaustin-portfolio
[debug] [2025-09-15T19:33:33.363Z] >>> [apiv2][body] POST https://iam.googleapis.com/v1/projects/keithaustin-portfolio/serviceAccounts/firebase-app-hosting-compute@keithaustin-portfolio.iam.gserviceaccount.com:testIamPermissions {"permissions":["iam.serviceAccounts.actAs"]}
[debug] [2025-09-15T19:33:33.793Z] <<< [apiv2][status] POST https://iam.googleapis.com/v1/projects/keithaustin-portfolio/serviceAccounts/firebase-app-hosting-compute@keithaustin-portfolio.iam.gserviceaccount.com:testIamPermissions 404
[debug] [2025-09-15T19:33:33.793Z] <<< [apiv2][body] POST https://iam.googleapis.com/v1/projects/keithaustin-portfolio/serviceAccounts/firebase-app-hosting-compute@keithaustin-portfolio.iam.gserviceaccount.com:testIamPermissions {"error":{"code":404,"message":"Unknown service account","status":"NOT_FOUND"}}
[debug] [2025-09-15T19:33:33.794Z] Checked if tokens are valid: true, expires at: 1757967508228
[debug] [2025-09-15T19:33:33.795Z] Checked if tokens are valid: true, expires at: 1757967508228
[debug] [2025-09-15T19:33:33.795Z] >>> [apiv2][query] POST https://iam.googleapis.com/v1/projects/keithaustin-portfolio/serviceAccounts [none]
[debug] [2025-09-15T19:33:33.795Z] >>> [apiv2][body] POST https://iam.googleapis.com/v1/projects/keithaustin-portfolio/serviceAccounts {"accountId":"firebase-app-hosting-compute","serviceAccount":{"displayName":"Firebase App Hosting compute service account","description":"Default service account used to run builds and deploys for Firebase App Hosting"}}
[debug] [2025-09-15T19:33:34.206Z] <<< [apiv2][status] POST https://iam.googleapis.com/v1/projects/keithaustin-portfolio/serviceAccounts 200
[debug] [2025-09-15T19:33:34.206Z] <<< [apiv2][body] POST https://iam.googleapis.com/v1/projects/keithaustin-portfolio/serviceAccounts [omitted]
[debug] [2025-09-15T19:33:34.206Z] Checked if tokens are valid: true, expires at: 1757967508228
[debug] [2025-09-15T19:33:34.207Z] Checked if tokens are valid: true, expires at: 1757967508228
[debug] [2025-09-15T19:33:34.207Z] >>> [apiv2][query] POST https://cloudresourcemanager.googleapis.com/v1/projects/keithaustin-portfolio:getIamPolicy [none]
[debug] [2025-09-15T19:33:34.577Z] <<< [apiv2][status] POST https://cloudresourcemanager.googleapis.com/v1/projects/keithaustin-portfolio:getIamPolicy 200
[debug] [2025-09-15T19:33:34.577Z] <<< [apiv2][body] POST https://cloudresourcemanager.googleapis.com/v1/projects/keithaustin-portfolio:getIamPolicy {"version":1,"etag":"BwY+3A+3dJA=","bindings":[{"role":"roles/cloudbuild.builds.builder","members":["serviceAccount:546462155989@cloudbuild.gserviceaccount.com"]},{"role":"roles/cloudbuild.serviceAgent","members":["serviceAccount:service-546462155989@gcp-sa-cloudbuild.iam.gserviceaccount.com"]},{"role":"roles/cloudfunctions.developer","members":["serviceAccount:github-action-664318205@keithaustin-portfolio.iam.gserviceaccount.com"]},{"role":"roles/containerregistry.ServiceAgent","members":["serviceAccount:service-546462155989@containerregistry.iam.gserviceaccount.com"]},{"role":"roles/editor","members":["serviceAccount:546462155989-compute@developer.gserviceaccount.com"]},{"role":"roles/firebase.managementServiceAgent","members":["serviceAccount:firebase-service-account@firebase-sa-management.iam.gserviceaccount.com","serviceAccount:service-546462155989@gcp-sa-firebase.iam.gserviceaccount.com"]},{"role":"roles/firebase.sdkAdminServiceAgent","members":["serviceAccount:firebase-adminsdk-msc5j@keithaustin-portfolio.iam.gserviceaccount.com"]},{"role":"roles/firebaseauth.admin","members":["serviceAccount:github-action-664318205@keithaustin-portfolio.iam.gserviceaccount.com"]},{"role":"roles/firebasehosting.admin","members":["serviceAccount:github-action-664318205@keithaustin-portfolio.iam.gserviceaccount.com"]},{"role":"roles/firebaserules.system","members":["serviceAccount:service-546462155989@firebase-rules.iam.gserviceaccount.com"]},{"role":"roles/iam.serviceAccountTokenCreator","members":["serviceAccount:firebase-adminsdk-msc5j@keithaustin-portfolio.iam.gserviceaccount.com"]},{"role":"roles/owner","members":["user:datketh@gmail.com"]},{"role":"roles/pubsub.serviceAgent","members":["serviceAccount:service-546462155989@gcp-sa-pubsub.iam.gserviceaccount.com"]},{"role":"roles/run.serviceAgent","members":["serviceAccount:service-546462155989@serverless-robot-prod.iam.gserviceaccount.com"]},{"role":"roles/run.viewer","members":["serviceAccount:github-action-664318205@keithaustin-portfolio.iam.gserviceaccount.com"]},{"role":"roles/serviceusage.apiKeysViewer","members":["serviceAccount:github-action-664318205@keithaustin-portfolio.iam.gserviceaccount.com"]},{"role":"roles/serviceusage.serviceUsageConsumer","members":["serviceAccount:github-action-664318205@keithaustin-portfolio.iam.gserviceaccount.com"]}]}
[debug] [2025-09-15T19:33:34.578Z] Checked if tokens are valid: true, expires at: 1757967508228
[debug] [2025-09-15T19:33:34.578Z] Checked if tokens are valid: true, expires at: 1757967508228
[debug] [2025-09-15T19:33:34.578Z] >>> [apiv2][query] POST https://cloudresourcemanager.googleapis.com/v1/projects/keithaustin-portfolio:setIamPolicy [none]
[debug] [2025-09-15T19:33:34.578Z] >>> [apiv2][body] POST https://cloudresourcemanager.googleapis.com/v1/projects/keithaustin-portfolio:setIamPolicy {"policy":{"version":1,"etag":"BwY+3A+3dJA=","bindings":[{"role":"roles/cloudbuild.builds.builder","members":["serviceAccount:546462155989@cloudbuild.gserviceaccount.com"]},{"role":"roles/cloudbuild.serviceAgent","members":["serviceAccount:service-546462155989@gcp-sa-cloudbuild.iam.gserviceaccount.com"]},{"role":"roles/cloudfunctions.developer","members":["serviceAccount:github-action-664318205@keithaustin-portfolio.iam.gserviceaccount.com"]},{"role":"roles/containerregistry.ServiceAgent","members":["serviceAccount:service-546462155989@containerregistry.iam.gserviceaccount.com"]},{"role":"roles/editor","members":["serviceAccount:546462155989-compute@developer.gserviceaccount.com"]},{"role":"roles/firebase.managementServiceAgent","members":["serviceAccount:firebase-service-account@firebase-sa-management.iam.gserviceaccount.com","serviceAccount:service-546462155989@gcp-sa-firebase.iam.gserviceaccount.com"]},{"role":"roles/firebase.sdkAdminServiceAgent","members":["serviceAccount:firebase-adminsdk-msc5j@keithaustin-portfolio.iam.gserviceaccount.com","serviceAccount:firebase-app-hosting-compute@keithaustin-portfolio.iam.gserviceaccount.com"]},{"role":"roles/firebaseauth.admin","members":["serviceAccount:github-action-664318205@keithaustin-portfolio.iam.gserviceaccount.com"]},{"role":"roles/firebasehosting.admin","members":["serviceAccount:github-action-664318205@keithaustin-portfolio.iam.gserviceaccount.com"]},{"role":"roles/firebaserules.system","members":["serviceAccount:service-546462155989@firebase-rules.iam.gserviceaccount.com"]},{"role":"roles/iam.serviceAccountTokenCreator","members":["serviceAccount:firebase-adminsdk-msc5j@keithaustin-portfolio.iam.gserviceaccount.com"]},{"role":"roles/owner","members":["user:datketh@gmail.com"]},{"role":"roles/pubsub.serviceAgent","members":["serviceAccount:service-546462155989@gcp-sa-pubsub.iam.gserviceaccount.com"]},{"role":"roles/run.serviceAgent","members":["serviceAccount:service-546462155989@serverless-robot-prod.iam.gserviceaccount.com"]},{"role":"roles/run.viewer","members":["serviceAccount:github-action-664318205@keithaustin-portfolio.iam.gserviceaccount.com"]},{"role":"roles/serviceusage.apiKeysViewer","members":["serviceAccount:github-action-664318205@keithaustin-portfolio.iam.gserviceaccount.com"]},{"role":"roles/serviceusage.serviceUsageConsumer","members":["serviceAccount:github-action-664318205@keithaustin-portfolio.iam.gserviceaccount.com"]},{"role":"roles/firebaseapphosting.computeRunner","members":["serviceAccount:firebase-app-hosting-compute@keithaustin-portfolio.iam.gserviceaccount.com"]},{"role":"roles/developerconnect.readTokenAccessor","members":["serviceAccount:firebase-app-hosting-compute@keithaustin-portfolio.iam.gserviceaccount.com"]},{"role":"roles/storage.objectViewer","members":["serviceAccount:firebase-app-hosting-compute@keithaustin-portfolio.iam.gserviceaccount.com"]}]},"updateMask":"bindings"}
[debug] [2025-09-15T19:33:35.213Z] <<< [apiv2][status] POST https://cloudresourcemanager.googleapis.com/v1/projects/keithaustin-portfolio:setIamPolicy 400
[debug] [2025-09-15T19:33:35.214Z] <<< [apiv2][body] POST https://cloudresourcemanager.googleapis.com/v1/projects/keithaustin-portfolio:setIamPolicy {"error":{"code":400,"message":"Service account firebase-app-hosting-compute@keithaustin-portfolio.iam.gserviceaccount.com does not exist.","status":"INVALID_ARGUMENT"}}
[warn] ⚠  Your App Hosting compute service account is still being provisioned in the background. If you encounter an error, please try again after a few moments. 
[debug] [2025-09-15T19:33:35.215Z] Checked if tokens are valid: true, expires at: 1757967508228
[debug] [2025-09-15T19:33:35.215Z] Checked if tokens are valid: true, expires at: 1757967508228
[debug] [2025-09-15T19:33:35.215Z] >>> [apiv2][query] GET https://firebaseapphosting.googleapis.com/v1beta/projects/keithaustin-portfolio/locations 
[debug] [2025-09-15T19:33:35.583Z] <<< [apiv2][status] GET https://firebaseapphosting.googleapis.com/v1beta/projects/keithaustin-portfolio/locations 200
[debug] [2025-09-15T19:33:35.583Z] <<< [apiv2][body] GET https://firebaseapphosting.googleapis.com/v1beta/projects/keithaustin-portfolio/locations {"locations":[{"name":"projects/keithaustin-portfolio/locations/asia-east1","locationId":"asia-east1","displayName":"Taiwan"},{"name":"projects/keithaustin-portfolio/locations/asia-southeast1","locationId":"asia-southeast1","displayName":"Singapore"},{"name":"projects/keithaustin-portfolio/locations/europe-west4","locationId":"europe-west4","displayName":"Netherlands"},{"name":"projects/keithaustin-portfolio/locations/us-central1","locationId":"us-central1","displayName":"Iowa"},{"name":"projects/keithaustin-portfolio/locations/us-east4","locationId":"us-east4","displayName":"Northern Virginia"},{"name":"projects/keithaustin-portfolio/locations/us-east5","locationId":"us-east5","displayName":"Columbus"}]}
[info] ✔  Location set to us-east4.
 
[info] i  === Set up your backend 
[debug] [2025-09-15T19:33:52.117Z] Checked if tokens are valid: true, expires at: 1757967508228
[debug] [2025-09-15T19:33:52.117Z] Checked if tokens are valid: true, expires at: 1757967508228
[debug] [2025-09-15T19:33:52.117Z] >>> [apiv2][query] GET https://firebaseapphosting.googleapis.com/v1beta/projects/keithaustin-portfolio/locations/us-east4/backends/portfolio-page [none]
[debug] [2025-09-15T19:33:52.327Z] <<< [apiv2][status] GET https://firebaseapphosting.googleapis.com/v1beta/projects/keithaustin-portfolio/locations/us-east4/backends/portfolio-page 404
[debug] [2025-09-15T19:33:52.327Z] <<< [apiv2][body] GET https://firebaseapphosting.googleapis.com/v1beta/projects/keithaustin-portfolio/locations/us-east4/backends/portfolio-page {"error":{"code":404,"message":"Resource 'projects/keithaustin-portfolio/locations/us-east4/backends/portfolio-page' was not found","status":"NOT_FOUND","details":[{"@type":"type.googleapis.com/google.rpc.ResourceInfo","resourceName":"projects/keithaustin-portfolio/locations/us-east4/backends/portfolio-page"}]}}
[info] ✔  Name set to portfolio-page
 
[info] i  === Import a GitHub repository 
[debug] [2025-09-15T19:34:03.515Z] Checked if tokens are valid: true, expires at: 1757967508228
[debug] [2025-09-15T19:34:03.515Z] Checked if tokens are valid: true, expires at: 1757967508228
[debug] [2025-09-15T19:34:03.516Z] >>> [apiv2][query] GET https://developerconnect.googleapis.com/v1/projects/keithaustin-portfolio/locations/us-east4/connections pageSize=1000&pageToken=
[debug] [2025-09-15T19:34:03.797Z] <<< [apiv2][status] GET https://developerconnect.googleapis.com/v1/projects/keithaustin-portfolio/locations/us-east4/connections 200
[debug] [2025-09-15T19:34:03.797Z] <<< [apiv2][body] GET https://developerconnect.googleapis.com/v1/projects/keithaustin-portfolio/locations/us-east4/connections {}
[debug] [2025-09-15T19:34:03.798Z] Checked if tokens are valid: true, expires at: 1757967508228
[debug] [2025-09-15T19:34:03.798Z] Checked if tokens are valid: true, expires at: 1757967508228
[debug] [2025-09-15T19:34:03.798Z] >>> [apiv2][query] GET https://serviceusage.googleapis.com/v1/projects/keithaustin-portfolio/services/cloudresourcemanager.googleapis.com [none]
[debug] [2025-09-15T19:34:03.798Z] >>> [apiv2][(partial)header] GET https://serviceusage.googleapis.com/v1/projects/keithaustin-portfolio/services/cloudresourcemanager.googleapis.com x-goog-quota-user=projects/keithaustin-portfolio
[debug] [2025-09-15T19:34:04.209Z] <<< [apiv2][status] GET https://serviceusage.googleapis.com/v1/projects/keithaustin-portfolio/services/cloudresourcemanager.googleapis.com 200
[debug] [2025-09-15T19:34:04.209Z] <<< [apiv2][body] GET https://serviceusage.googleapis.com/v1/projects/keithaustin-portfolio/services/cloudresourcemanager.googleapis.com [omitted]
[debug] [2025-09-15T19:34:04.241Z] Checked if tokens are valid: true, expires at: 1757967508228
[debug] [2025-09-15T19:34:04.241Z] Checked if tokens are valid: true, expires at: 1757967508228
[debug] [2025-09-15T19:34:04.241Z] >>> [apiv2][query] GET https://cloudresourcemanager.googleapis.com/v1/projects/keithaustin-portfolio [none]
[debug] [2025-09-15T19:34:04.616Z] <<< [apiv2][status] GET https://cloudresourcemanager.googleapis.com/v1/projects/keithaustin-portfolio 200
[debug] [2025-09-15T19:34:04.616Z] <<< [apiv2][body] GET https://cloudresourcemanager.googleapis.com/v1/projects/keithaustin-portfolio {"projectNumber":"546462155989","projectId":"keithaustin-portfolio","lifecycleState":"ACTIVE","name":"keithaustin-portfolio","labels":{"firebase":"enabled"},"createTime":"2023-07-09T14:48:46.224780Z"}
[debug] [2025-09-15T19:34:04.616Z] Checked if tokens are valid: true, expires at: 1757967508228
[debug] [2025-09-15T19:34:04.616Z] Checked if tokens are valid: true, expires at: 1757967508228
[debug] [2025-09-15T19:34:04.616Z] >>> [apiv2][query] POST https://cloudresourcemanager.googleapis.com/v1/projects/keithaustin-portfolio:getIamPolicy [none]
[debug] [2025-09-15T19:34:04.820Z] <<< [apiv2][status] POST https://cloudresourcemanager.googleapis.com/v1/projects/keithaustin-portfolio:getIamPolicy 200
[debug] [2025-09-15T19:34:04.820Z] <<< [apiv2][body] POST https://cloudresourcemanager.googleapis.com/v1/projects/keithaustin-portfolio:getIamPolicy {"version":1,"etag":"BwY+3A+3dJA=","bindings":[{"role":"roles/cloudbuild.builds.builder","members":["serviceAccount:546462155989@cloudbuild.gserviceaccount.com"]},{"role":"roles/cloudbuild.serviceAgent","members":["serviceAccount:service-546462155989@gcp-sa-cloudbuild.iam.gserviceaccount.com"]},{"role":"roles/cloudfunctions.developer","members":["serviceAccount:github-action-664318205@keithaustin-portfolio.iam.gserviceaccount.com"]},{"role":"roles/containerregistry.ServiceAgent","members":["serviceAccount:service-546462155989@containerregistry.iam.gserviceaccount.com"]},{"role":"roles/editor","members":["serviceAccount:546462155989-compute@developer.gserviceaccount.com"]},{"role":"roles/firebase.managementServiceAgent","members":["serviceAccount:firebase-service-account@firebase-sa-management.iam.gserviceaccount.com","serviceAccount:service-546462155989@gcp-sa-firebase.iam.gserviceaccount.com"]},{"role":"roles/firebase.sdkAdminServiceAgent","members":["serviceAccount:firebase-adminsdk-msc5j@keithaustin-portfolio.iam.gserviceaccount.com"]},{"role":"roles/firebaseauth.admin","members":["serviceAccount:github-action-664318205@keithaustin-portfolio.iam.gserviceaccount.com"]},{"role":"roles/firebasehosting.admin","members":["serviceAccount:github-action-664318205@keithaustin-portfolio.iam.gserviceaccount.com"]},{"role":"roles/firebaserules.system","members":["serviceAccount:service-546462155989@firebase-rules.iam.gserviceaccount.com"]},{"role":"roles/iam.serviceAccountTokenCreator","members":["serviceAccount:firebase-adminsdk-msc5j@keithaustin-portfolio.iam.gserviceaccount.com"]},{"role":"roles/owner","members":["user:datketh@gmail.com"]},{"role":"roles/pubsub.serviceAgent","members":["serviceAccount:service-546462155989@gcp-sa-pubsub.iam.gserviceaccount.com"]},{"role":"roles/run.serviceAgent","members":["serviceAccount:service-546462155989@serverless-robot-prod.iam.gserviceaccount.com"]},{"role":"roles/run.viewer","members":["serviceAccount:github-action-664318205@keithaustin-portfolio.iam.gserviceaccount.com"]},{"role":"roles/serviceusage.apiKeysViewer","members":["serviceAccount:github-action-664318205@keithaustin-portfolio.iam.gserviceaccount.com"]},{"role":"roles/serviceusage.serviceUsageConsumer","members":["serviceAccount:github-action-664318205@keithaustin-portfolio.iam.gserviceaccount.com"]}]}
[info] i  To create a new GitHub connection, Secret Manager Admin role (roles/secretmanager.admin) is required on the Developer Connect Service Agent. 
[debug] [2025-09-15T19:34:15.610Z] Checked if tokens are valid: true, expires at: 1757967508228
[debug] [2025-09-15T19:34:15.611Z] Checked if tokens are valid: true, expires at: 1757967508228
[debug] [2025-09-15T19:34:15.611Z] >>> [apiv2][query] POST https://cloudresourcemanager.googleapis.com/v1/projects/keithaustin-portfolio:getIamPolicy [none]
[debug] [2025-09-15T19:34:16.085Z] <<< [apiv2][status] POST https://cloudresourcemanager.googleapis.com/v1/projects/keithaustin-portfolio:getIamPolicy 200
[debug] [2025-09-15T19:34:16.085Z] <<< [apiv2][body] POST https://cloudresourcemanager.googleapis.com/v1/projects/keithaustin-portfolio:getIamPolicy {"version":1,"etag":"BwY+3A+3dJA=","bindings":[{"role":"roles/cloudbuild.builds.builder","members":["serviceAccount:546462155989@cloudbuild.gserviceaccount.com"]},{"role":"roles/cloudbuild.serviceAgent","members":["serviceAccount:service-546462155989@gcp-sa-cloudbuild.iam.gserviceaccount.com"]},{"role":"roles/cloudfunctions.developer","members":["serviceAccount:github-action-664318205@keithaustin-portfolio.iam.gserviceaccount.com"]},{"role":"roles/containerregistry.ServiceAgent","members":["serviceAccount:service-546462155989@containerregistry.iam.gserviceaccount.com"]},{"role":"roles/editor","members":["serviceAccount:546462155989-compute@developer.gserviceaccount.com"]},{"role":"roles/firebase.managementServiceAgent","members":["serviceAccount:firebase-service-account@firebase-sa-management.iam.gserviceaccount.com","serviceAccount:service-546462155989@gcp-sa-firebase.iam.gserviceaccount.com"]},{"role":"roles/firebase.sdkAdminServiceAgent","members":["serviceAccount:firebase-adminsdk-msc5j@keithaustin-portfolio.iam.gserviceaccount.com"]},{"role":"roles/firebaseauth.admin","members":["serviceAccount:github-action-664318205@keithaustin-portfolio.iam.gserviceaccount.com"]},{"role":"roles/firebasehosting.admin","members":["serviceAccount:github-action-664318205@keithaustin-portfolio.iam.gserviceaccount.com"]},{"role":"roles/firebaserules.system","members":["serviceAccount:service-546462155989@firebase-rules.iam.gserviceaccount.com"]},{"role":"roles/iam.serviceAccountTokenCreator","members":["serviceAccount:firebase-adminsdk-msc5j@keithaustin-portfolio.iam.gserviceaccount.com"]},{"role":"roles/owner","members":["user:datketh@gmail.com"]},{"role":"roles/pubsub.serviceAgent","members":["serviceAccount:service-546462155989@gcp-sa-pubsub.iam.gserviceaccount.com"]},{"role":"roles/run.serviceAgent","members":["serviceAccount:service-546462155989@serverless-robot-prod.iam.gserviceaccount.com"]},{"role":"roles/run.viewer","members":["serviceAccount:github-action-664318205@keithaustin-portfolio.iam.gserviceaccount.com"]},{"role":"roles/serviceusage.apiKeysViewer","members":["serviceAccount:github-action-664318205@keithaustin-portfolio.iam.gserviceaccount.com"]},{"role":"roles/serviceusage.serviceUsageConsumer","members":["serviceAccount:github-action-664318205@keithaustin-portfolio.iam.gserviceaccount.com"]}]}
[debug] [2025-09-15T19:34:16.085Z] Checked if tokens are valid: true, expires at: 1757967508228
[debug] [2025-09-15T19:34:16.085Z] Checked if tokens are valid: true, expires at: 1757967508228
[debug] [2025-09-15T19:34:16.086Z] >>> [apiv2][query] POST https://cloudresourcemanager.googleapis.com/v1/projects/keithaustin-portfolio:setIamPolicy [none]
[debug] [2025-09-15T19:34:16.086Z] >>> [apiv2][body] POST https://cloudresourcemanager.googleapis.com/v1/projects/keithaustin-portfolio:setIamPolicy {"policy":{"version":1,"etag":"BwY+3A+3dJA=","bindings":[{"role":"roles/cloudbuild.builds.builder","members":["serviceAccount:546462155989@cloudbuild.gserviceaccount.com"]},{"role":"roles/cloudbuild.serviceAgent","members":["serviceAccount:service-546462155989@gcp-sa-cloudbuild.iam.gserviceaccount.com"]},{"role":"roles/cloudfunctions.developer","members":["serviceAccount:github-action-664318205@keithaustin-portfolio.iam.gserviceaccount.com"]},{"role":"roles/containerregistry.ServiceAgent","members":["serviceAccount:service-546462155989@containerregistry.iam.gserviceaccount.com"]},{"role":"roles/editor","members":["serviceAccount:546462155989-compute@developer.gserviceaccount.com"]},{"role":"roles/firebase.managementServiceAgent","members":["serviceAccount:firebase-service-account@firebase-sa-management.iam.gserviceaccount.com","serviceAccount:service-546462155989@gcp-sa-firebase.iam.gserviceaccount.com"]},{"role":"roles/firebase.sdkAdminServiceAgent","members":["serviceAccount:firebase-adminsdk-msc5j@keithaustin-portfolio.iam.gserviceaccount.com"]},{"role":"roles/firebaseauth.admin","members":["serviceAccount:github-action-664318205@keithaustin-portfolio.iam.gserviceaccount.com"]},{"role":"roles/firebasehosting.admin","members":["serviceAccount:github-action-664318205@keithaustin-portfolio.iam.gserviceaccount.com"]},{"role":"roles/firebaserules.system","members":["serviceAccount:service-546462155989@firebase-rules.iam.gserviceaccount.com"]},{"role":"roles/iam.serviceAccountTokenCreator","members":["serviceAccount:firebase-adminsdk-msc5j@keithaustin-portfolio.iam.gserviceaccount.com"]},{"role":"roles/owner","members":["user:datketh@gmail.com"]},{"role":"roles/pubsub.serviceAgent","members":["serviceAccount:service-546462155989@gcp-sa-pubsub.iam.gserviceaccount.com"]},{"role":"roles/run.serviceAgent","members":["serviceAccount:service-546462155989@serverless-robot-prod.iam.gserviceaccount.com"]},{"role":"roles/run.viewer","members":["serviceAccount:github-action-664318205@keithaustin-portfolio.iam.gserviceaccount.com"]},{"role":"roles/serviceusage.apiKeysViewer","members":["serviceAccount:github-action-664318205@keithaustin-portfolio.iam.gserviceaccount.com"]},{"role":"roles/serviceusage.serviceUsageConsumer","members":["serviceAccount:github-action-664318205@keithaustin-portfolio.iam.gserviceaccount.com"]},{"role":"roles/secretmanager.admin","members":["serviceAccount:service-546462155989@gcp-sa-devconnect.iam.gserviceaccount.com"]}]},"updateMask":"bindings"}
[debug] [2025-09-15T19:34:16.698Z] <<< [apiv2][status] POST https://cloudresourcemanager.googleapis.com/v1/projects/keithaustin-portfolio:setIamPolicy 400
[debug] [2025-09-15T19:34:16.699Z] <<< [apiv2][body] POST https://cloudresourcemanager.googleapis.com/v1/projects/keithaustin-portfolio:setIamPolicy {"error":{"code":400,"message":"Service account service-546462155989@gcp-sa-devconnect.iam.gserviceaccount.com does not exist.","status":"INVALID_ARGUMENT"}}
[info] i  apphosting: generating the service identity for developerconnect.googleapis.com... 
[debug] [2025-09-15T19:34:16.699Z] Checked if tokens are valid: true, expires at: 1757967508228
[debug] [2025-09-15T19:34:16.699Z] Checked if tokens are valid: true, expires at: 1757967508228
[debug] [2025-09-15T19:34:16.699Z] >>> [apiv2][query] POST https://serviceusage.googleapis.com/v1beta1/projects/546462155989/services/developerconnect.googleapis.com:generateServiceIdentity [none]
[debug] [2025-09-15T19:34:16.700Z] >>> [apiv2][(partial)header] POST https://serviceusage.googleapis.com/v1beta1/projects/546462155989/services/developerconnect.googleapis.com:generateServiceIdentity x-goog-quota-user=projects/546462155989
[debug] [2025-09-15T19:34:16.700Z] >>> [apiv2][body] POST https://serviceusage.googleapis.com/v1beta1/projects/546462155989/services/developerconnect.googleapis.com:generateServiceIdentity {}
[debug] [2025-09-15T19:34:17.313Z] <<< [apiv2][status] POST https://serviceusage.googleapis.com/v1beta1/projects/546462155989/services/developerconnect.googleapis.com:generateServiceIdentity 200
[debug] [2025-09-15T19:34:17.313Z] <<< [apiv2][body] POST https://serviceusage.googleapis.com/v1beta1/projects/546462155989/services/developerconnect.googleapis.com:generateServiceIdentity {"name":"operations/finished.DONE_OPERATION","done":true,"response":{"@type":"type.googleapis.com/google.api.serviceusage.v1beta1.ServiceIdentity","email":"service-546462155989@gcp-sa-devconnect.iam.gserviceaccount.com","uniqueId":"104289134763765762893"}}
[debug] [2025-09-15T19:34:17.313Z] Checked if tokens are valid: true, expires at: 1757967508228
[debug] [2025-09-15T19:34:17.313Z] Checked if tokens are valid: true, expires at: 1757967508228
[debug] [2025-09-15T19:34:17.314Z] >>> [apiv2][query] POST https://cloudresourcemanager.googleapis.com/v1/projects/keithaustin-portfolio:getIamPolicy [none]
[debug] [2025-09-15T19:34:17.497Z] <<< [apiv2][status] POST https://cloudresourcemanager.googleapis.com/v1/projects/keithaustin-portfolio:getIamPolicy 200
[debug] [2025-09-15T19:34:17.497Z] <<< [apiv2][body] POST https://cloudresourcemanager.googleapis.com/v1/projects/keithaustin-portfolio:getIamPolicy {"version":1,"etag":"BwY+3A+3dJA=","bindings":[{"role":"roles/cloudbuild.builds.builder","members":["serviceAccount:546462155989@cloudbuild.gserviceaccount.com"]},{"role":"roles/cloudbuild.serviceAgent","members":["serviceAccount:service-546462155989@gcp-sa-cloudbuild.iam.gserviceaccount.com"]},{"role":"roles/cloudfunctions.developer","members":["serviceAccount:github-action-664318205@keithaustin-portfolio.iam.gserviceaccount.com"]},{"role":"roles/containerregistry.ServiceAgent","members":["serviceAccount:service-546462155989@containerregistry.iam.gserviceaccount.com"]},{"role":"roles/editor","members":["serviceAccount:546462155989-compute@developer.gserviceaccount.com"]},{"role":"roles/firebase.managementServiceAgent","members":["serviceAccount:firebase-service-account@firebase-sa-management.iam.gserviceaccount.com","serviceAccount:service-546462155989@gcp-sa-firebase.iam.gserviceaccount.com"]},{"role":"roles/firebase.sdkAdminServiceAgent","members":["serviceAccount:firebase-adminsdk-msc5j@keithaustin-portfolio.iam.gserviceaccount.com"]},{"role":"roles/firebaseauth.admin","members":["serviceAccount:github-action-664318205@keithaustin-portfolio.iam.gserviceaccount.com"]},{"role":"roles/firebasehosting.admin","members":["serviceAccount:github-action-664318205@keithaustin-portfolio.iam.gserviceaccount.com"]},{"role":"roles/firebaserules.system","members":["serviceAccount:service-546462155989@firebase-rules.iam.gserviceaccount.com"]},{"role":"roles/iam.serviceAccountTokenCreator","members":["serviceAccount:firebase-adminsdk-msc5j@keithaustin-portfolio.iam.gserviceaccount.com"]},{"role":"roles/owner","members":["user:datketh@gmail.com"]},{"role":"roles/pubsub.serviceAgent","members":["serviceAccount:service-546462155989@gcp-sa-pubsub.iam.gserviceaccount.com"]},{"role":"roles/run.serviceAgent","members":["serviceAccount:service-546462155989@serverless-robot-prod.iam.gserviceaccount.com"]},{"role":"roles/run.viewer","members":["serviceAccount:github-action-664318205@keithaustin-portfolio.iam.gserviceaccount.com"]},{"role":"roles/serviceusage.apiKeysViewer","members":["serviceAccount:github-action-664318205@keithaustin-portfolio.iam.gserviceaccount.com"]},{"role":"roles/serviceusage.serviceUsageConsumer","members":["serviceAccount:github-action-664318205@keithaustin-portfolio.iam.gserviceaccount.com"]}]}
[debug] [2025-09-15T19:34:17.498Z] Checked if tokens are valid: true, expires at: 1757967508228
[debug] [2025-09-15T19:34:17.498Z] Checked if tokens are valid: true, expires at: 1757967508228
[debug] [2025-09-15T19:34:17.498Z] >>> [apiv2][query] POST https://cloudresourcemanager.googleapis.com/v1/projects/keithaustin-portfolio:setIamPolicy [none]
[debug] [2025-09-15T19:34:17.498Z] >>> [apiv2][body] POST https://cloudresourcemanager.googleapis.com/v1/projects/keithaustin-portfolio:setIamPolicy {"policy":{"version":1,"etag":"BwY+3A+3dJA=","bindings":[{"role":"roles/cloudbuild.builds.builder","members":["serviceAccount:546462155989@cloudbuild.gserviceaccount.com"]},{"role":"roles/cloudbuild.serviceAgent","members":["serviceAccount:service-546462155989@gcp-sa-cloudbuild.iam.gserviceaccount.com"]},{"role":"roles/cloudfunctions.developer","members":["serviceAccount:github-action-664318205@keithaustin-portfolio.iam.gserviceaccount.com"]},{"role":"roles/containerregistry.ServiceAgent","members":["serviceAccount:service-546462155989@containerregistry.iam.gserviceaccount.com"]},{"role":"roles/editor","members":["serviceAccount:546462155989-compute@developer.gserviceaccount.com"]},{"role":"roles/firebase.managementServiceAgent","members":["serviceAccount:firebase-service-account@firebase-sa-management.iam.gserviceaccount.com","serviceAccount:service-546462155989@gcp-sa-firebase.iam.gserviceaccount.com"]},{"role":"roles/firebase.sdkAdminServiceAgent","members":["serviceAccount:firebase-adminsdk-msc5j@keithaustin-portfolio.iam.gserviceaccount.com"]},{"role":"roles/firebaseauth.admin","members":["serviceAccount:github-action-664318205@keithaustin-portfolio.iam.gserviceaccount.com"]},{"role":"roles/firebasehosting.admin","members":["serviceAccount:github-action-664318205@keithaustin-portfolio.iam.gserviceaccount.com"]},{"role":"roles/firebaserules.system","members":["serviceAccount:service-546462155989@firebase-rules.iam.gserviceaccount.com"]},{"role":"roles/iam.serviceAccountTokenCreator","members":["serviceAccount:firebase-adminsdk-msc5j@keithaustin-portfolio.iam.gserviceaccount.com"]},{"role":"roles/owner","members":["user:datketh@gmail.com"]},{"role":"roles/pubsub.serviceAgent","members":["serviceAccount:service-546462155989@gcp-sa-pubsub.iam.gserviceaccount.com"]},{"role":"roles/run.serviceAgent","members":["serviceAccount:service-546462155989@serverless-robot-prod.iam.gserviceaccount.com"]},{"role":"roles/run.viewer","members":["serviceAccount:github-action-664318205@keithaustin-portfolio.iam.gserviceaccount.com"]},{"role":"roles/serviceusage.apiKeysViewer","members":["serviceAccount:github-action-664318205@keithaustin-portfolio.iam.gserviceaccount.com"]},{"role":"roles/serviceusage.serviceUsageConsumer","members":["serviceAccount:github-action-664318205@keithaustin-portfolio.iam.gserviceaccount.com"]},{"role":"roles/secretmanager.admin","members":["serviceAccount:service-546462155989@gcp-sa-devconnect.iam.gserviceaccount.com"]}]},"updateMask":"bindings"}
[debug] [2025-09-15T19:34:18.642Z] <<< [apiv2][status] POST https://cloudresourcemanager.googleapis.com/v1/projects/keithaustin-portfolio:setIamPolicy 200
[debug] [2025-09-15T19:34:18.643Z] <<< [apiv2][body] POST https://cloudresourcemanager.googleapis.com/v1/projects/keithaustin-portfolio:setIamPolicy {"version":1,"etag":"BwY+3BbskZI=","bindings":[{"role":"roles/cloudbuild.builds.builder","members":["serviceAccount:546462155989@cloudbuild.gserviceaccount.com"]},{"role":"roles/cloudbuild.serviceAgent","members":["serviceAccount:service-546462155989@gcp-sa-cloudbuild.iam.gserviceaccount.com"]},{"role":"roles/cloudfunctions.developer","members":["serviceAccount:github-action-664318205@keithaustin-portfolio.iam.gserviceaccount.com"]},{"role":"roles/containerregistry.ServiceAgent","members":["serviceAccount:service-546462155989@containerregistry.iam.gserviceaccount.com"]},{"role":"roles/editor","members":["serviceAccount:546462155989-compute@developer.gserviceaccount.com"]},{"role":"roles/firebase.managementServiceAgent","members":["serviceAccount:firebase-service-account@firebase-sa-management.iam.gserviceaccount.com","serviceAccount:service-546462155989@gcp-sa-firebase.iam.gserviceaccount.com"]},{"role":"roles/firebase.sdkAdminServiceAgent","members":["serviceAccount:firebase-adminsdk-msc5j@keithaustin-portfolio.iam.gserviceaccount.com"]},{"role":"roles/firebaseauth.admin","members":["serviceAccount:github-action-664318205@keithaustin-portfolio.iam.gserviceaccount.com"]},{"role":"roles/firebasehosting.admin","members":["serviceAccount:github-action-664318205@keithaustin-portfolio.iam.gserviceaccount.com"]},{"role":"roles/firebaserules.system","members":["serviceAccount:service-546462155989@firebase-rules.iam.gserviceaccount.com"]},{"role":"roles/iam.serviceAccountTokenCreator","members":["serviceAccount:firebase-adminsdk-msc5j@keithaustin-portfolio.iam.gserviceaccount.com"]},{"role":"roles/owner","members":["user:datketh@gmail.com"]},{"role":"roles/pubsub.serviceAgent","members":["serviceAccount:service-546462155989@gcp-sa-pubsub.iam.gserviceaccount.com"]},{"role":"roles/run.serviceAgent","members":["serviceAccount:service-546462155989@serverless-robot-prod.iam.gserviceaccount.com"]},{"role":"roles/run.viewer","members":["serviceAccount:github-action-664318205@keithaustin-portfolio.iam.gserviceaccount.com"]},{"role":"roles/secretmanager.admin","members":["serviceAccount:service-546462155989@gcp-sa-devconnect.iam.gserviceaccount.com"]},{"role":"roles/serviceusage.apiKeysViewer","members":["serviceAccount:github-action-664318205@keithaustin-portfolio.iam.gserviceaccount.com"]},{"role":"roles/serviceusage.serviceUsageConsumer","members":["serviceAccount:github-action-664318205@keithaustin-portfolio.iam.gserviceaccount.com"]}]}
[info] ✔  Successfully granted the required role to the Developer Connect Service Agent!
 
[debug] [2025-09-15T19:34:18.644Z] Checked if tokens are valid: true, expires at: 1757967508228
[debug] [2025-09-15T19:34:18.644Z] Checked if tokens are valid: true, expires at: 1757967508228
[debug] [2025-09-15T19:34:18.644Z] >>> [apiv2][query] POST https://developerconnect.googleapis.com/v1/projects/keithaustin-portfolio/locations/us-east4/connections connectionId=apphosting-github-conn-0tqpv0x
[debug] [2025-09-15T19:34:18.644Z] >>> [apiv2][body] POST https://developerconnect.googleapis.com/v1/projects/keithaustin-portfolio/locations/us-east4/connections {"githubConfig":{"githubApp":"FIREBASE"}}
[debug] [2025-09-15T19:34:20.734Z] <<< [apiv2][status] POST https://developerconnect.googleapis.com/v1/projects/keithaustin-portfolio/locations/us-east4/connections 200
[debug] [2025-09-15T19:34:20.734Z] <<< [apiv2][body] POST https://developerconnect.googleapis.com/v1/projects/keithaustin-portfolio/locations/us-east4/connections {"name":"projects/keithaustin-portfolio/locations/us-east4/operations/operation-1757964858826-63edc16f01ea0-66cbf038-a4cdd09d","metadata":{"@type":"type.googleapis.com/google.cloud.developerconnect.v1.OperationMetadata","createTime":"2025-09-15T19:34:20.660883772Z","target":"projects/keithaustin-portfolio/locations/us-east4/connections/apphosting-github-conn-0tqpv0x","verb":"create","requestedCancellation":false,"apiVersion":"v1"},"done":false}
[debug] [2025-09-15T19:34:20.735Z] Checked if tokens are valid: true, expires at: 1757967508228
[debug] [2025-09-15T19:34:20.735Z] Checked if tokens are valid: true, expires at: 1757967508228
[debug] [2025-09-15T19:34:20.736Z] >>> [apiv2][query] GET https://developerconnect.googleapis.com/v1/projects/keithaustin-portfolio/locations/us-east4/operations/operation-1757964858826-63edc16f01ea0-66cbf038-a4cdd09d [none]
[debug] [2025-09-15T19:34:20.850Z] <<< [apiv2][status] GET https://developerconnect.googleapis.com/v1/projects/keithaustin-portfolio/locations/us-east4/operations/operation-1757964858826-63edc16f01ea0-66cbf038-a4cdd09d 200
[debug] [2025-09-15T19:34:20.850Z] <<< [apiv2][body] GET https://developerconnect.googleapis.com/v1/projects/keithaustin-portfolio/locations/us-east4/operations/operation-1757964858826-63edc16f01ea0-66cbf038-a4cdd09d {"name":"projects/keithaustin-portfolio/locations/us-east4/operations/operation-1757964858826-63edc16f01ea0-66cbf038-a4cdd09d","metadata":{"@type":"type.googleapis.com/google.cloud.developerconnect.v1.OperationMetadata","createTime":"2025-09-15T19:34:20.660883772Z","endTime":"2025-09-15T19:34:20.695756672Z","target":"projects/keithaustin-portfolio/locations/us-east4/connections/apphosting-github-conn-0tqpv0x","verb":"create","requestedCancellation":false,"apiVersion":"v1"},"done":true,"response":{"@type":"type.googleapis.com/google.cloud.developerconnect.v1.Connection","name":"projects/keithaustin-portfolio/locations/us-east4/connections/apphosting-github-conn-0tqpv0x","createTime":"2025-09-15T19:34:20.655580623Z","updateTime":"2025-09-15T19:34:20.655580623Z","githubConfig":{"githubApp":"FIREBASE"},"installationState":{"stage":"PENDING_USER_OAUTH","message":"Please log in to https://github.com using a robot account and then follow this link to authorize Developer Connect to access that account. After authorization, your GitHub authorization token will be stored in Cloud Secret Manager.","actionUri":"https://accounts.google.com/AccountChooser?continue=https%3A%2F%2Fconsole.cloud.google.com%2Fdeveloper-connect%2Ffinish-setup%3Fstate%3D%257B%2522connection%2522%253A%2B%2522projects%252Fkeithaustin-portfolio%252Flocations%252Fus-east4%252Fconnections%252Fapphosting-github-conn-0tqpv0x%2522%257D"},"uid":"2301aa33-8a9b-405d-8633-6bed44d99f80"}}
[info] i  Please authorize the Firebase GitHub app by visiting this url: 
[info] i  	http://localhost:9005 
[debug] [2025-09-15T19:35:15.739Z] Checked if tokens are valid: true, expires at: 1757967508228
[debug] [2025-09-15T19:35:15.739Z] Checked if tokens are valid: true, expires at: 1757967508228
[debug] [2025-09-15T19:35:15.739Z] >>> [apiv2][query] GET https://developerconnect.googleapis.com/v1/projects/keithaustin-portfolio/locations/us-east4/connections/apphosting-github-conn-0tqpv0x [none]
[debug] [2025-09-15T19:35:15.908Z] <<< [apiv2][status] GET https://developerconnect.googleapis.com/v1/projects/keithaustin-portfolio/locations/us-east4/connections/apphosting-github-conn-0tqpv0x 200
[debug] [2025-09-15T19:35:15.909Z] <<< [apiv2][body] GET https://developerconnect.googleapis.com/v1/projects/keithaustin-portfolio/locations/us-east4/connections/apphosting-github-conn-0tqpv0x {"name":"projects/keithaustin-portfolio/locations/us-east4/connections/apphosting-github-conn-0tqpv0x","createTime":"2025-09-15T19:34:20.655580623Z","updateTime":"2025-09-15T19:35:08.380383352Z","githubConfig":{"githubApp":"FIREBASE","authorizerCredential":{"oauthTokenSecretVersion":"projects/keithaustin-portfolio/secrets/apphosting-github-conn-0tqpv0x-github-oauthtoken-75bb6f/versions/latest","username":"keithaustin"},"appInstallationId":"86079269","installationUri":"https://github.com/settings/installations/86079269"},"installationState":{"stage":"COMPLETE"},"uid":"2301aa33-8a9b-405d-8633-6bed44d99f80"}
[info] ✔  Connected with GitHub successfully
 
[debug] [2025-09-15T19:35:15.909Z] Checked if tokens are valid: true, expires at: 1757967508228
[debug] [2025-09-15T19:35:15.909Z] Checked if tokens are valid: true, expires at: 1757967508228
[debug] [2025-09-15T19:35:15.909Z] >>> [apiv2][query] GET https://developerconnect.googleapis.com/v1/projects/keithaustin-portfolio/locations/us-east4/connections/apphosting-github-conn-0tqpv0x:fetchGitHubInstallations [none]
[debug] [2025-09-15T19:35:16.400Z] <<< [apiv2][status] GET https://developerconnect.googleapis.com/v1/projects/keithaustin-portfolio/locations/us-east4/connections/apphosting-github-conn-0tqpv0x:fetchGitHubInstallations 200
[debug] [2025-09-15T19:35:16.400Z] <<< [apiv2][body] GET https://developerconnect.googleapis.com/v1/projects/keithaustin-portfolio/locations/us-east4/connections/apphosting-github-conn-0tqpv0x:fetchGitHubInstallations {"installations":[{"id":"86079269","name":"keithaustin","type":"user"}]}
[debug] [2025-09-15T19:35:20.504Z] Checked if tokens are valid: true, expires at: 1757967508228
[debug] [2025-09-15T19:35:20.504Z] Checked if tokens are valid: true, expires at: 1757967508228
[debug] [2025-09-15T19:35:20.505Z] >>> [apiv2][query] GET https://developerconnect.googleapis.com/v1/projects/keithaustin-portfolio/locations/us-east4/connections pageSize=1000&pageToken=
[debug] [2025-09-15T19:35:20.578Z] <<< [apiv2][status] GET https://developerconnect.googleapis.com/v1/projects/keithaustin-portfolio/locations/us-east4/connections 200
[debug] [2025-09-15T19:35:20.579Z] <<< [apiv2][body] GET https://developerconnect.googleapis.com/v1/projects/keithaustin-portfolio/locations/us-east4/connections {"connections":[{"name":"projects/keithaustin-portfolio/locations/us-east4/connections/apphosting-github-conn-0tqpv0x","createTime":"2025-09-15T19:34:20.655580623Z","updateTime":"2025-09-15T19:35:08.380383352Z","githubConfig":{"githubApp":"FIREBASE","authorizerCredential":{"oauthTokenSecretVersion":"projects/keithaustin-portfolio/secrets/apphosting-github-conn-0tqpv0x-github-oauthtoken-75bb6f/versions/latest","username":"keithaustin"},"appInstallationId":"86079269","installationUri":"https://github.com/settings/installations/86079269"},"installationState":{"stage":"COMPLETE"},"uid":"2301aa33-8a9b-405d-8633-6bed44d99f80"}]}
[info] i  Reusing matching connection apphosting-github-conn-0tqpv0x 
[debug] [2025-09-15T19:35:20.580Z] Checked if tokens are valid: true, expires at: 1757967508228
[debug] [2025-09-15T19:35:20.580Z] Checked if tokens are valid: true, expires at: 1757967508228
[debug] [2025-09-15T19:35:20.580Z] >>> [apiv2][query] GET https://developerconnect.googleapis.com/v1/projects/keithaustin-portfolio/locations/us-east4/connections/apphosting-github-conn-0tqpv0x:fetchLinkableGitRepositories pageSize=1000&pageToken=
[debug] [2025-09-15T19:35:21.108Z] <<< [apiv2][status] GET https://developerconnect.googleapis.com/v1/projects/keithaustin-portfolio/locations/us-east4/connections/apphosting-github-conn-0tqpv0x:fetchLinkableGitRepositories 200
[debug] [2025-09-15T19:35:21.108Z] <<< [apiv2][body] GET https://developerconnect.googleapis.com/v1/projects/keithaustin-portfolio/locations/us-east4/connections/apphosting-github-conn-0tqpv0x:fetchLinkableGitRepositories {"linkableGitRepositories":[{"cloneUri":"https://github.com/keithaustin/blog-app.git"},{"cloneUri":"https://github.com/keithaustin/Blueberry.git"},{"cloneUri":"https://github.com/keithaustin/blueberry-live-demo.git"},{"cloneUri":"https://github.com/keithaustin/c-small-shell.git"},{"cloneUri":"https://github.com/keithaustin/crappy-bird.git"},{"cloneUri":"https://github.com/keithaustin/next-bug-tracker.git"},{"cloneUri":"https://github.com/keithaustin/packages.git"},{"cloneUri":"https://github.com/keithaustin/php-mvc.git"},{"cloneUri":"https://github.com/keithaustin/portfolio-page.git"},{"cloneUri":"https://github.com/keithaustin/py-blockchain.git"},{"cloneUri":"https://github.com/keithaustin/rust-minimal-kernel.git"},{"cloneUri":"https://github.com/keithaustin/rust-mvc.git"},{"cloneUri":"https://github.com/keithaustin/seclab.git"},{"cloneUri":"https://github.com/keithaustin/txty.git"},{"cloneUri":"https://github.com/keithaustin/worldtree.git"}]}
